ARM GAS  C:\Users\xiaoyang\AppData\Local\Temp\ccUAyhIH.s 			page 1


   1              		.cpu cortex-m4
   2              		.arch armv7e-m
   3              		.fpu fpv4-sp-d16
   4              		.eabi_attribute 27, 1
   5              		.eabi_attribute 28, 1
   6              		.eabi_attribute 20, 1
   7              		.eabi_attribute 21, 1
   8              		.eabi_attribute 23, 3
   9              		.eabi_attribute 24, 1
  10              		.eabi_attribute 25, 1
  11              		.eabi_attribute 26, 1
  12              		.eabi_attribute 30, 1
  13              		.eabi_attribute 34, 1
  14              		.eabi_attribute 18, 4
  15              		.file	"app_gpio.c"
  16              		.text
  17              	.Ltext0:
  18              		.cfi_sections	.debug_frame
  19              		.section	.text.test,"ax",%progbits
  20              		.align	1
  21              		.global	test
  22              		.syntax unified
  23              		.thumb
  24              		.thumb_func
  26              	test:
  27              	.LFB130:
  28              		.file 1 "Core/APP/app_gpio.c"
   1:Core/APP/app_gpio.c **** #include "app_gpio.h"
   2:Core/APP/app_gpio.c **** 
   3:Core/APP/app_gpio.c **** 
   4:Core/APP/app_gpio.c **** void test(void)
   5:Core/APP/app_gpio.c **** {
  29              		.loc 1 5 1 view -0
  30              		.cfi_startproc
  31              		@ args = 0, pretend = 0, frame = 0
  32              		@ frame_needed = 0, uses_anonymous_args = 0
  33              		@ link register save eliminated.
   6:Core/APP/app_gpio.c **** 
   7:Core/APP/app_gpio.c **** 
   8:Core/APP/app_gpio.c **** 
   9:Core/APP/app_gpio.c **** }
  34              		.loc 1 9 1 view .LVU1
  35 0000 7047     		bx	lr
  36              		.cfi_endproc
  37              	.LFE130:
  39              		.text
  40              	.Letext0:
ARM GAS  C:\Users\xiaoyang\AppData\Local\Temp\ccUAyhIH.s 			page 2


DEFINED SYMBOLS
                            *ABS*:00000000 app_gpio.c
C:\Users\xiaoyang\AppData\Local\Temp\ccUAyhIH.s:20     .text.test:00000000 $t
C:\Users\xiaoyang\AppData\Local\Temp\ccUAyhIH.s:26     .text.test:00000000 test

NO UNDEFINED SYMBOLS
