ARM GAS  C:\Users\xiaoyang\AppData\Local\Temp\ccC72yFg.s 			page 1


   1              		.cpu cortex-m4
   2              		.arch armv7e-m
   3              		.fpu fpv4-sp-d16
   4              		.eabi_attribute 27, 1
   5              		.eabi_attribute 28, 1
   6              		.eabi_attribute 20, 1
   7              		.eabi_attribute 21, 1
   8              		.eabi_attribute 23, 3
   9              		.eabi_attribute 24, 1
  10              		.eabi_attribute 25, 1
  11              		.eabi_attribute 26, 1
  12              		.eabi_attribute 30, 1
  13              		.eabi_attribute 34, 1
  14              		.eabi_attribute 18, 4
  15              		.file	"gpio.c"
  16              		.text
  17              	.Ltext0:
  18              		.cfi_sections	.debug_frame
  19              		.section	.text.MX_GPIO_Init,"ax",%progbits
  20              		.align	1
  21              		.global	MX_GPIO_Init
  22              		.syntax unified
  23              		.thumb
  24              		.thumb_func
  26              	MX_GPIO_Init:
  27              	.LFB130:
  28              		.file 1 "Core/Src/gpio.c"
   1:Core/Src/gpio.c **** /**
   2:Core/Src/gpio.c ****   ******************************************************************************
   3:Core/Src/gpio.c ****   * @file    gpio.c
   4:Core/Src/gpio.c ****   * @brief   This file provides code for the configuration
   5:Core/Src/gpio.c ****   *          of all used GPIO pins.
   6:Core/Src/gpio.c ****   ******************************************************************************
   7:Core/Src/gpio.c ****   * @attention
   8:Core/Src/gpio.c ****   *
   9:Core/Src/gpio.c ****   * <h2><center>&copy; Copyright (c) 2022 STMicroelectronics.
  10:Core/Src/gpio.c ****   * All rights reserved.</center></h2>
  11:Core/Src/gpio.c ****   *
  12:Core/Src/gpio.c ****   * This software component is licensed by ST under BSD 3-Clause license,
  13:Core/Src/gpio.c ****   * the "License"; You may not use this file except in compliance with the
  14:Core/Src/gpio.c ****   * License. You may obtain a copy of the License at:
  15:Core/Src/gpio.c ****   *                        opensource.org/licenses/BSD-3-Clause
  16:Core/Src/gpio.c ****   *
  17:Core/Src/gpio.c ****   ******************************************************************************
  18:Core/Src/gpio.c ****   */
  19:Core/Src/gpio.c **** 
  20:Core/Src/gpio.c **** /* Includes ------------------------------------------------------------------*/
  21:Core/Src/gpio.c **** #include "gpio.h"
  22:Core/Src/gpio.c **** 
  23:Core/Src/gpio.c **** /* USER CODE BEGIN 0 */
  24:Core/Src/gpio.c **** 
  25:Core/Src/gpio.c **** /* USER CODE END 0 */
  26:Core/Src/gpio.c **** 
  27:Core/Src/gpio.c **** /*----------------------------------------------------------------------------*/
  28:Core/Src/gpio.c **** /* Configure GPIO                                                             */
  29:Core/Src/gpio.c **** /*----------------------------------------------------------------------------*/
  30:Core/Src/gpio.c **** /* USER CODE BEGIN 1 */
ARM GAS  C:\Users\xiaoyang\AppData\Local\Temp\ccC72yFg.s 			page 2


  31:Core/Src/gpio.c **** 
  32:Core/Src/gpio.c **** /* USER CODE END 1 */
  33:Core/Src/gpio.c **** 
  34:Core/Src/gpio.c **** /** Configure pins as
  35:Core/Src/gpio.c ****         * Analog
  36:Core/Src/gpio.c ****         * Input
  37:Core/Src/gpio.c ****         * Output
  38:Core/Src/gpio.c ****         * EVENT_OUT
  39:Core/Src/gpio.c ****         * EXTI
  40:Core/Src/gpio.c **** */
  41:Core/Src/gpio.c **** void MX_GPIO_Init(void)
  42:Core/Src/gpio.c **** {
  29              		.loc 1 42 1 view -0
  30              		.cfi_startproc
  31              		@ args = 0, pretend = 0, frame = 8
  32              		@ frame_needed = 0, uses_anonymous_args = 0
  33              		@ link register save eliminated.
  34 0000 82B0     		sub	sp, sp, #8
  35              	.LCFI0:
  36              		.cfi_def_cfa_offset 8
  43:Core/Src/gpio.c **** 
  44:Core/Src/gpio.c ****   /* GPIO Ports Clock Enable */
  45:Core/Src/gpio.c ****   __HAL_RCC_GPIOH_CLK_ENABLE();
  37              		.loc 1 45 3 view .LVU1
  38              	.LBB2:
  39              		.loc 1 45 3 view .LVU2
  40 0002 0023     		movs	r3, #0
  41 0004 0193     		str	r3, [sp, #4]
  42              		.loc 1 45 3 view .LVU3
  43 0006 064B     		ldr	r3, .L3
  44 0008 1A6B     		ldr	r2, [r3, #48]
  45 000a 42F08002 		orr	r2, r2, #128
  46 000e 1A63     		str	r2, [r3, #48]
  47              		.loc 1 45 3 view .LVU4
  48 0010 1B6B     		ldr	r3, [r3, #48]
  49 0012 03F08003 		and	r3, r3, #128
  50 0016 0193     		str	r3, [sp, #4]
  51              		.loc 1 45 3 view .LVU5
  52 0018 019B     		ldr	r3, [sp, #4]
  53              	.LBE2:
  54              		.loc 1 45 3 view .LVU6
  46:Core/Src/gpio.c **** 
  47:Core/Src/gpio.c **** }
  55              		.loc 1 47 1 is_stmt 0 view .LVU7
  56 001a 02B0     		add	sp, sp, #8
  57              	.LCFI1:
  58              		.cfi_def_cfa_offset 0
  59              		@ sp needed
  60 001c 7047     		bx	lr
  61              	.L4:
  62 001e 00BF     		.align	2
  63              	.L3:
  64 0020 00380240 		.word	1073887232
  65              		.cfi_endproc
  66              	.LFE130:
  68              		.text
  69              	.Letext0:
ARM GAS  C:\Users\xiaoyang\AppData\Local\Temp\ccC72yFg.s 			page 3


  70              		.file 2 "c:\\program files (x86)\\gnu arm embedded toolchain\\10 2021.10\\arm-none-eabi\\include\\
  71              		.file 3 "c:\\program files (x86)\\gnu arm embedded toolchain\\10 2021.10\\arm-none-eabi\\include\\
  72              		.file 4 "Drivers/CMSIS/Device/ST/STM32F4xx/Include/stm32f429xx.h"
ARM GAS  C:\Users\xiaoyang\AppData\Local\Temp\ccC72yFg.s 			page 4


DEFINED SYMBOLS
                            *ABS*:00000000 gpio.c
C:\Users\xiaoyang\AppData\Local\Temp\ccC72yFg.s:20     .text.MX_GPIO_Init:00000000 $t
C:\Users\xiaoyang\AppData\Local\Temp\ccC72yFg.s:26     .text.MX_GPIO_Init:00000000 MX_GPIO_Init
C:\Users\xiaoyang\AppData\Local\Temp\ccC72yFg.s:64     .text.MX_GPIO_Init:00000020 $d

NO UNDEFINED SYMBOLS
